   0.00    7.9396E-02 
   1.00    7.9415E-02 
   2.00    7.9475E-02 
   3.00    7.9581E-02 
   4.00    7.9747E-02 
   5.00    7.9991E-02 
   6.00    8.0337E-02 
   7.00    8.0821E-02 
   8.00    8.1489E-02 
   9.00    8.2399E-02 
  10.00    8.3625E-02 
  11.00    8.5256E-02 
  12.00    8.7401E-02 
  13.00    9.0184E-02 
  14.00    9.3746E-02 
  15.00    9.8242E-02 
  16.00    1.0384E-01 
  17.00    1.1070E-01 
  18.00    1.1899E-01 
  19.00    1.2887E-01 
  20.00    1.4046E-01 
  21.00    1.5387E-01 
  22.00    1.6916E-01 
  23.00    1.8635E-01 
  24.00    2.0541E-01 
  25.00    2.2626E-01 
  26.00    2.4875E-01 
  27.00    2.7269E-01 
  28.00    2.9782E-01 
  29.00    3.2387E-01 
  30.00    3.5050E-01 
  31.00    3.7737E-01 
  32.00    4.0410E-01 
  33.00    4.3032E-01 
  34.00    4.5568E-01 
  35.00    4.7983E-01 
  36.00    5.0246E-01 
  37.00    5.2329E-01 
  38.00    5.4208E-01 
  39.00    5.5866E-01 
  40.00    5.7287E-01 
  41.00    5.8463E-01 
  42.00    5.9391E-01 
  43.00    6.0072E-01 
  44.00    6.0510E-01 
  45.00    6.0716E-01 
  46.00    6.0703E-01 
  47.00    6.0486E-01 
  48.00    6.0083E-01 
  49.00    5.9514E-01 
  50.00    5.8800E-01 
  51.00    5.7962E-01 
  52.00    5.7022E-01 
  53.00    5.6000E-01 
  54.00    5.4917E-01 
  55.00    5.3792E-01 
  56.00    5.2642E-01 
  57.00    5.1484E-01 
  58.00    5.0333E-01 
  59.00    4.9201E-01 
  60.00    4.8101E-01 
  61.00    4.7041E-01 
  62.00    4.6029E-01 
  63.00    4.5073E-01 
  64.00    4.4176E-01 
  65.00    4.3343E-01 
  66.00    4.2574E-01 
  67.00    4.1872E-01 
  68.00    4.1235E-01 
  69.00    4.0663E-01 
  70.00    4.0153E-01 
  71.00    3.9701E-01 
  72.00    3.9304E-01 
  73.00    3.8958E-01 
  74.00    3.8658E-01 
  75.00    3.8398E-01 
  76.00    3.8173E-01 
  77.00    3.7977E-01 
  78.00    3.7805E-01 
  79.00    3.7650E-01 
  80.00    3.7507E-01 
  81.00    3.7370E-01 
  82.00    3.7233E-01 
  83.00    3.7092E-01 
  84.00    3.6941E-01 
  85.00    3.6776E-01 
  86.00    3.6592E-01 
  87.00    3.6387E-01 
  88.00    3.6156E-01 
  89.00    3.5898E-01 
  90.00    3.5610E-01 
  91.00    3.5290E-01 
  92.00    3.4938E-01 
  93.00    3.4553E-01 
  94.00    3.4135E-01 
  95.00    3.3685E-01 
  96.00    3.3204E-01 
  97.00    3.2694E-01 
  98.00    3.2157E-01 
  99.00    3.1594E-01 
 100.00    3.1010E-01 
 101.00    3.0406E-01 
 102.00    2.9786E-01 
 103.00    2.9154E-01 
 104.00    2.8513E-01 
 105.00    2.7867E-01 
 106.00    2.7219E-01 
 107.00    2.6572E-01 
 108.00    2.5932E-01 
 109.00    2.5299E-01 
 110.00    2.4679E-01 
 111.00    2.4073E-01 
 112.00    2.3485E-01 
 113.00    2.2916E-01 
 114.00    2.2370E-01 
 115.00    2.1848E-01 
 116.00    2.1351E-01 
 117.00    2.0880E-01 
 118.00    2.0437E-01 
 119.00    2.0022E-01 
 120.00    1.9636E-01 
 121.00    1.9278E-01 
 122.00    1.8948E-01 
 123.00    1.8645E-01 
 124.00    1.8369E-01 
 125.00    1.8119E-01 
 126.00    1.7894E-01 
 127.00    1.7691E-01 
 128.00    1.7511E-01 
 129.00    1.7350E-01 
 130.00    1.7209E-01 
 131.00    1.7084E-01 
 132.00    1.6974E-01 
 133.00    1.6877E-01 
 134.00    1.6793E-01 
 135.00    1.6718E-01 
 136.00    1.6651E-01 
 137.00    1.6592E-01 
 138.00    1.6538E-01 
 139.00    1.6487E-01 
 140.00    1.6439E-01 
 141.00    1.6393E-01 
 142.00    1.6347E-01 
 143.00    1.6300E-01 
 144.00    1.6253E-01 
 145.00    1.6203E-01 
 146.00    1.6150E-01 
 147.00    1.6095E-01 
 148.00    1.6036E-01 
 149.00    1.5973E-01 
 150.00    1.5907E-01 
 151.00    1.5837E-01 
 152.00    1.5764E-01 
 153.00    1.5687E-01 
 154.00    1.5607E-01 
 155.00    1.5524E-01 
 156.00    1.5438E-01 
 157.00    1.5350E-01 
 158.00    1.5260E-01 
 159.00    1.5170E-01 
 160.00    1.5078E-01 
 161.00    1.4987E-01 
 162.00    1.4896E-01 
 163.00    1.4806E-01 
 164.00    1.4717E-01 
 165.00    1.4631E-01 
 166.00    1.4547E-01 
 167.00    1.4467E-01 
 168.00    1.4390E-01 
 169.00    1.4318E-01 
 170.00    1.4250E-01 
 171.00    1.4187E-01 
 172.00    1.4130E-01 
 173.00    1.4078E-01 
 174.00    1.4033E-01 
 175.00    1.3994E-01 
 176.00    1.3962E-01 
 177.00    1.3937E-01 
 178.00    1.3919E-01 
 179.00    1.3908E-01 
