   0.00    1.3462E+00  
   1.00    1.3514E+00  
   2.00    1.3667E+00  
   3.00    1.3912E+00  
   4.00    1.4235E+00  
   5.00    1.4617E+00  
   6.00    1.5036E+00  
   7.00    1.5465E+00  
   8.00    1.5880E+00  
   9.00    1.6253E+00  
  10.00    1.6560E+00  
  11.00    1.6779E+00  
  12.00    1.6892E+00  
  13.00    1.6883E+00  
  14.00    1.6745E+00  
  15.00    1.6475E+00  
  16.00    1.6074E+00  
  17.00    1.5550E+00  
  18.00    1.4916E+00  
  19.00    1.4189E+00  
  20.00    1.3388E+00  
  21.00    1.2537E+00  
  22.00    1.1659E+00  
  23.00    1.0778E+00  
  24.00    9.9188E-01  
  25.00    9.1010E-01  
  26.00    8.3436E-01  
  27.00    7.6610E-01  
  28.00    7.0638E-01  
  29.00    6.5580E-01  
  30.00    6.1451E-01  
  31.00    5.8225E-01  
  32.00    5.5836E-01  
  33.00    5.4186E-01  
  34.00    5.3155E-01  
  35.00    5.2602E-01  
  36.00    5.2380E-01  
  37.00    5.2344E-01  
  38.00    5.2353E-01  
  39.00    5.2283E-01  
  40.00    5.2029E-01  
  41.00    5.1508E-01  
  42.00    5.0664E-01  
  43.00    4.9465E-01  
  44.00    4.7904E-01  
  45.00    4.5999E-01  
  46.00    4.3784E-01  
  47.00    4.1310E-01  
  48.00    3.8641E-01  
  49.00    3.5846E-01  
  50.00    3.2997E-01  
  51.00    3.0165E-01  
  52.00    2.7416E-01  
  53.00    2.4807E-01  
  54.00    2.2388E-01  
  55.00    2.0195E-01  
  56.00    1.8253E-01  
  57.00    1.6576E-01  
  58.00    1.5166E-01  
  59.00    1.4015E-01  
  60.00    1.3106E-01  
  61.00    1.2416E-01  
  62.00    1.1916E-01  
  63.00    1.1574E-01  
  64.00    1.1356E-01  
  65.00    1.1229E-01  
  66.00    1.1162E-01  
  67.00    1.1124E-01  
  68.00    1.1090E-01  
  69.00    1.1037E-01  
  70.00    1.0950E-01  
  71.00    1.0815E-01  
  72.00    1.0624E-01  
  73.00    1.0374E-01  
  74.00    1.0063E-01  
  75.00    9.6948E-02  
  76.00    9.2758E-02  
  77.00    8.8137E-02  
  78.00    8.3179E-02  
  79.00    7.7987E-02  
  80.00    7.2667E-02  
  81.00    6.7326E-02  
  82.00    6.2064E-02  
  83.00    5.6972E-02  
  84.00    5.2130E-02  
  85.00    4.7608E-02  
  86.00    4.3458E-02  
  87.00    3.9720E-02  
  88.00    3.6417E-02  
  89.00    3.3560E-02  
  90.00    3.1146E-02  
  91.00    2.9158E-02  
  92.00    2.7571E-02  
  93.00    2.6351E-02  
  94.00    2.5456E-02  
  95.00    2.4840E-02  
  96.00    2.4455E-02  
  97.00    2.4249E-02  
  98.00    2.4174E-02  
  99.00    2.4181E-02  
 100.00    2.4225E-02  
 101.00    2.4267E-02  
 102.00    2.4271E-02  
 103.00    2.4208E-02  
 104.00    2.4056E-02  
 105.00    2.3799E-02  
 106.00    2.3426E-02  
 107.00    2.2933E-02  
 108.00    2.2323E-02  
 109.00    2.1602E-02  
 110.00    2.0782E-02  
 111.00    1.9876E-02  
 112.00    1.8903E-02  
 113.00    1.7882E-02  
 114.00    1.6834E-02  
 115.00    1.5778E-02  
 116.00    1.4735E-02  
 117.00    1.3723E-02  
 118.00    1.2758E-02  
 119.00    1.1856E-02  
 120.00    1.1029E-02  
 121.00    1.0284E-02  
 122.00    9.6287E-03  
 123.00    9.0660E-03  
 124.00    8.5967E-03  
 125.00    8.2187E-03  
 126.00    7.9277E-03  
 127.00    7.7175E-03  
 128.00    7.5802E-03  
 129.00    7.5067E-03  
 130.00    7.4870E-03  
 131.00    7.5108E-03  
 132.00    7.5676E-03  
 133.00    7.6472E-03  
 134.00    7.7401E-03  
 135.00    7.8375E-03  
 136.00    7.9313E-03  
 137.00    8.0149E-03  
 138.00    8.0825E-03  
 139.00    8.1299E-03  
 140.00    8.1539E-03  
 141.00    8.1527E-03  
 142.00    8.1255E-03  
 143.00    8.0728E-03  
 144.00    7.9958E-03  
 145.00    7.8968E-03  
 146.00    7.7786E-03  
 147.00    7.6444E-03  
 148.00    7.4980E-03  
 149.00    7.3433E-03  
 150.00    7.1843E-03  
 151.00    7.0249E-03  
 152.00    6.8691E-03  
 153.00    6.7204E-03  
 154.00    6.5822E-03  
 155.00    6.4574E-03  
 156.00    6.3484E-03  
 157.00    6.2573E-03  
 158.00    6.1857E-03  
 159.00    6.1345E-03  
 160.00    6.1042E-03  
 161.00    6.0948E-03  
 162.00    6.1056E-03  
 163.00    6.1357E-03  
 164.00    6.1836E-03  
 165.00    6.2475E-03  
 166.00    6.3252E-03  
 167.00    6.4144E-03  
 168.00    6.5123E-03  
 169.00    6.6163E-03  
 170.00    6.7236E-03  
 171.00    6.8313E-03  
 172.00    6.9367E-03  
 173.00    7.0369E-03  
 174.00    7.1296E-03  
 175.00    7.2123E-03  
 176.00    7.2829E-03  
 177.00    7.3397E-03  
 178.00    7.3814E-03  
 179.00    7.4068E-03  
