   0.00    1.0371E+00  
   1.00    1.0303E+00  
   2.00    1.0103E+00  
   3.00    9.7770E-01  
   4.00    9.3402E-01  
   5.00    8.8111E-01  
   6.00    8.2140E-01  
   7.00    7.5780E-01  
   8.00    6.9354E-01  
   9.00    6.3199E-01  
  10.00    5.7645E-01  
  11.00    5.2991E-01  
  12.00    4.9476E-01  
  13.00    4.7268E-01  
  14.00    4.6444E-01  
  15.00    4.6984E-01  
  16.00    4.8774E-01  
  17.00    5.1611E-01  
  18.00    5.5220E-01  
  19.00    5.9279E-01  
  20.00    6.3440E-01  
  21.00    6.7364E-01  
  22.00    7.0747E-01  
  23.00    7.3337E-01  
  24.00    7.4958E-01  
  25.00    7.5507E-01  
  26.00    7.4961E-01  
  27.00    7.3360E-01  
  28.00    7.0807E-01  
  29.00    6.7443E-01  
  30.00    6.3445E-01  
  31.00    5.9000E-01  
  32.00    5.4304E-01  
  33.00    4.9542E-01  
  34.00    4.4879E-01  
  35.00    4.0454E-01  
  36.00    3.6378E-01  
  37.00    3.2725E-01  
  38.00    2.9542E-01  
  39.00    2.6851E-01  
  40.00    2.4648E-01  
  41.00    2.2916E-01  
  42.00    2.1623E-01  
  43.00    2.0724E-01  
  44.00    2.0168E-01  
  45.00    1.9899E-01  
  46.00    1.9856E-01  
  47.00    1.9981E-01  
  48.00    2.0215E-01  
  49.00    2.0506E-01  
  50.00    2.0808E-01  
  51.00    2.1079E-01  
  52.00    2.1283E-01  
  53.00    2.1391E-01  
  54.00    2.1378E-01  
  55.00    2.1227E-01  
  56.00    2.0927E-01  
  57.00    2.0476E-01  
  58.00    1.9876E-01  
  59.00    1.9139E-01  
  60.00    1.8280E-01  
  61.00    1.7318E-01  
  62.00    1.6276E-01  
  63.00    1.5176E-01  
  64.00    1.4042E-01  
  65.00    1.2899E-01  
  66.00    1.1771E-01  
  67.00    1.0680E-01  
  68.00    9.6462E-02  
  69.00    8.6886E-02  
  70.00    7.8213E-02  
  71.00    7.0542E-02  
  72.00    6.3934E-02  
  73.00    5.8409E-02  
  74.00    5.3950E-02  
  75.00    5.0511E-02  
  76.00    4.8019E-02  
  77.00    4.6380E-02  
  78.00    4.5481E-02  
  79.00    4.5196E-02  
  80.00    4.5387E-02  
  81.00    4.5913E-02  
  82.00    4.6637E-02  
  83.00    4.7429E-02  
  84.00    4.8173E-02  
  85.00    4.8774E-02  
  86.00    4.9153E-02  
  87.00    4.9254E-02  
  88.00    4.9035E-02  
  89.00    4.8474E-02  
  90.00    4.7562E-02  
  91.00    4.6306E-02  
  92.00    4.4724E-02  
  93.00    4.2850E-02  
  94.00    4.0726E-02  
  95.00    3.8402E-02  
  96.00    3.5934E-02  
  97.00    3.3382E-02  
  98.00    3.0803E-02  
  99.00    2.8253E-02  
 100.00    2.5780E-02  
 101.00    2.3430E-02  
 102.00    2.1240E-02  
 103.00    1.9241E-02  
 104.00    1.7454E-02  
 105.00    1.5893E-02  
 106.00    1.4565E-02  
 107.00    1.3469E-02  
 108.00    1.2595E-02  
 109.00    1.1931E-02  
 110.00    1.1458E-02  
 111.00    1.1157E-02  
 112.00    1.1003E-02  
 113.00    1.0973E-02  
 114.00    1.1040E-02  
 115.00    1.1179E-02  
 116.00    1.1365E-02  
 117.00    1.1574E-02  
 118.00    1.1785E-02  
 119.00    1.1977E-02  
 120.00    1.2137E-02  
 121.00    1.2253E-02  
 122.00    1.2316E-02  
 123.00    1.2321E-02  
 124.00    1.2265E-02  
 125.00    1.2147E-02  
 126.00    1.1968E-02  
 127.00    1.1729E-02  
 128.00    1.1436E-02  
 129.00    1.1094E-02  
 130.00    1.0711E-02  
 131.00    1.0295E-02  
 132.00    9.8568E-03  
 133.00    9.4050E-03  
 134.00    8.9484E-03  
 135.00    8.4946E-03  
 136.00    8.0503E-03  
 137.00    7.6215E-03  
 138.00    7.2132E-03  
 139.00    6.8301E-03  
 140.00    6.4764E-03  
 141.00    6.1557E-03  
 142.00    5.8708E-03  
 143.00    5.6235E-03  
 144.00    5.4145E-03  
 145.00    5.2436E-03  
 146.00    5.1096E-03  
 147.00    5.0109E-03  
 148.00    4.9455E-03  
 149.00    4.9113E-03  
 150.00    4.9062E-03  
 151.00    4.9279E-03  
 152.00    4.9741E-03  
 153.00    5.0421E-03  
 154.00    5.1293E-03  
 155.00    5.2327E-03  
 156.00    5.3496E-03  
 157.00    5.4772E-03  
 158.00    5.6132E-03  
 159.00    5.7552E-03  
 160.00    5.9014E-03  
 161.00    6.0497E-03  
 162.00    6.1984E-03  
 163.00    6.3455E-03  
 164.00    6.4894E-03  
 165.00    6.6287E-03  
 166.00    6.7622E-03  
 167.00    6.8891E-03  
 168.00    7.0088E-03  
 169.00    7.1210E-03  
 170.00    7.2252E-03  
 171.00    7.3209E-03  
 172.00    7.4075E-03  
 173.00    7.4842E-03  
 174.00    7.5504E-03  
 175.00    7.6056E-03  
 176.00    7.6498E-03  
 177.00    7.6833E-03  
 178.00    7.7065E-03  
 179.00    7.7201E-03  
