   0.00    2.7754E-01  
   1.00    2.7835E-01  
   2.00    2.8077E-01  
   3.00    2.8484E-01  
   4.00    2.9057E-01  
   5.00    2.9801E-01  
   6.00    3.0720E-01  
   7.00    3.1816E-01  
   8.00    3.3091E-01  
   9.00    3.4542E-01  
  10.00    3.6166E-01  
  11.00    3.7953E-01  
  12.00    3.9889E-01  
  13.00    4.1958E-01  
  14.00    4.4134E-01  
  15.00    4.6393E-01  
  16.00    4.8701E-01  
  17.00    5.1025E-01  
  18.00    5.3330E-01  
  19.00    5.5580E-01  
  20.00    5.7741E-01  
  21.00    5.9782E-01  
  22.00    6.1680E-01  
  23.00    6.3419E-01  
  24.00    6.4991E-01  
  25.00    6.6398E-01  
  26.00    6.7651E-01  
  27.00    6.8769E-01  
  28.00    6.9777E-01  
  29.00    7.0702E-01  
  30.00    7.1572E-01  
  31.00    7.2416E-01  
  32.00    7.3257E-01  
  33.00    7.4116E-01  
  34.00    7.5012E-01  
  35.00    7.5956E-01  
  36.00    7.6959E-01  
  37.00    7.8028E-01  
  38.00    7.9167E-01  
  39.00    8.0374E-01  
  40.00    8.1648E-01  
  41.00    8.2982E-01  
  42.00    8.4365E-01  
  43.00    8.5785E-01  
  44.00    8.7226E-01  
  45.00    8.8670E-01  
  46.00    9.0100E-01  
  47.00    9.1499E-01  
  48.00    9.2850E-01  
  49.00    9.4139E-01  
  50.00    9.5353E-01  
  51.00    9.6480E-01  
  52.00    9.7510E-01  
  53.00    9.8435E-01  
  54.00    9.9247E-01  
  55.00    9.9939E-01  
  56.00    1.0050E+00  
  57.00    1.0094E+00  
  58.00    1.0123E+00  
  59.00    1.0139E+00  
  60.00    1.0140E+00  
  61.00    1.0127E+00  
  62.00    1.0100E+00  
  63.00    1.0059E+00  
  64.00    1.0004E+00  
  65.00    9.9367E-01  
  66.00    9.8565E-01  
  67.00    9.7645E-01  
  68.00    9.6613E-01  
  69.00    9.5476E-01  
  70.00    9.4242E-01  
  71.00    9.2918E-01  
  72.00    9.1512E-01  
  73.00    9.0030E-01  
  74.00    8.8481E-01  
  75.00    8.6873E-01  
  76.00    8.5213E-01  
  77.00    8.3510E-01  
  78.00    8.1773E-01  
  79.00    8.0011E-01  
  80.00    7.8231E-01  
  81.00    7.6444E-01  
  82.00    7.4658E-01  
  83.00    7.2880E-01  
  84.00    7.1120E-01  
  85.00    6.9384E-01  
  86.00    6.7680E-01  
  87.00    6.6014E-01  
  88.00    6.4392E-01  
  89.00    6.2818E-01  
  90.00    6.1297E-01  
  91.00    5.9833E-01  
  92.00    5.8428E-01  
  93.00    5.7085E-01  
  94.00    5.5804E-01  
  95.00    5.4586E-01  
  96.00    5.3433E-01  
  97.00    5.2342E-01  
  98.00    5.1314E-01  
  99.00    5.0347E-01  
 100.00    4.9439E-01  
 101.00    4.8588E-01  
 102.00    4.7792E-01  
 103.00    4.7046E-01  
 104.00    4.6350E-01  
 105.00    4.5698E-01  
 106.00    4.5088E-01  
 107.00    4.4516E-01  
 108.00    4.3979E-01  
 109.00    4.3473E-01  
 110.00    4.2994E-01  
 111.00    4.2539E-01  
 112.00    4.2105E-01  
 113.00    4.1688E-01  
 114.00    4.1285E-01  
 115.00    4.0894E-01  
 116.00    4.0511E-01  
 117.00    4.0134E-01  
 118.00    3.9762E-01  
 119.00    3.9391E-01  
 120.00    3.9020E-01  
 121.00    3.8648E-01  
 122.00    3.8273E-01  
 123.00    3.7895E-01  
 124.00    3.7512E-01  
 125.00    3.7124E-01  
 126.00    3.6732E-01  
 127.00    3.6334E-01  
 128.00    3.5931E-01  
 129.00    3.5523E-01  
 130.00    3.5111E-01  
 131.00    3.4695E-01  
 132.00    3.4276E-01  
 133.00    3.3854E-01  
 134.00    3.3431E-01  
 135.00    3.3007E-01  
 136.00    3.2584E-01  
 137.00    3.2161E-01  
 138.00    3.1741E-01  
 139.00    3.1324E-01  
 140.00    3.0911E-01  
 141.00    3.0503E-01  
 142.00    3.0100E-01  
 143.00    2.9705E-01  
 144.00    2.9317E-01  
 145.00    2.8937E-01  
 146.00    2.8566E-01  
 147.00    2.8205E-01  
 148.00    2.7854E-01  
 149.00    2.7513E-01  
 150.00    2.7184E-01  
 151.00    2.6865E-01  
 152.00    2.6559E-01  
 153.00    2.6264E-01  
 154.00    2.5982E-01  
 155.00    2.5711E-01  
 156.00    2.5453E-01  
 157.00    2.5207E-01  
 158.00    2.4974E-01  
 159.00    2.4753E-01  
 160.00    2.4544E-01  
 161.00    2.4347E-01  
 162.00    2.4161E-01  
 163.00    2.3988E-01  
 164.00    2.3826E-01  
 165.00    2.3675E-01  
 166.00    2.3536E-01  
 167.00    2.3407E-01  
 168.00    2.3289E-01  
 169.00    2.3181E-01  
 170.00    2.3083E-01  
 171.00    2.2996E-01  
 172.00    2.2918E-01  
 173.00    2.2850E-01  
 174.00    2.2791E-01  
 175.00    2.2742E-01  
 176.00    2.2702E-01  
 177.00    2.2671E-01  
 178.00    2.2648E-01  
 179.00    2.2635E-01  
